  Camera.cpp
D:\University Stuff\CMP 203\cmp203-coursework-iRemixUK\GraphicsProgramming\GraphicsProgramming\Camera.cpp(11,17): warning C4244: '=': conversion from 'int' to 'float', possible loss of data
D:\University Stuff\CMP 203\cmp203-coursework-iRemixUK\GraphicsProgramming\GraphicsProgramming\Camera.cpp(12,18): warning C4244: '=': conversion from 'int' to 'float', possible loss of data
D:\University Stuff\CMP 203\cmp203-coursework-iRemixUK\GraphicsProgramming\GraphicsProgramming\Camera.cpp(16,36): warning C4244: 'argument': conversion from 'float' to 'int', possible loss of data
D:\University Stuff\CMP 203\cmp203-coursework-iRemixUK\GraphicsProgramming\GraphicsProgramming\Camera.cpp(16,24): warning C4244: 'argument': conversion from 'float' to 'int', possible loss of data
D:\University Stuff\CMP 203\cmp203-coursework-iRemixUK\GraphicsProgramming\GraphicsProgramming\Camera.cpp(47,36): warning C4244: 'argument': conversion from 'float' to 'int', possible loss of data
D:\University Stuff\CMP 203\cmp203-coursework-iRemixUK\GraphicsProgramming\GraphicsProgramming\Camera.cpp(47,24): warning C4244: 'argument': conversion from 'float' to 'int', possible loss of data
D:\University Stuff\CMP 203\cmp203-coursework-iRemixUK\GraphicsProgramming\GraphicsProgramming\Camera.cpp(60,38): warning C4244: 'argument': conversion from 'float' to 'int', possible loss of data
D:\University Stuff\CMP 203\cmp203-coursework-iRemixUK\GraphicsProgramming\GraphicsProgramming\Camera.cpp(60,26): warning C4244: 'argument': conversion from 'float' to 'int', possible loss of data
D:\University Stuff\CMP 203\cmp203-coursework-iRemixUK\GraphicsProgramming\GraphicsProgramming\Camera.cpp(66,38): warning C4244: 'argument': conversion from 'float' to 'int', possible loss of data
D:\University Stuff\CMP 203\cmp203-coursework-iRemixUK\GraphicsProgramming\GraphicsProgramming\Camera.cpp(66,26): warning C4244: 'argument': conversion from 'float' to 'int', possible loss of data
D:\University Stuff\CMP 203\cmp203-coursework-iRemixUK\GraphicsProgramming\GraphicsProgramming\Camera.cpp(83,39): warning C4305: 'argument': truncation from 'double' to 'float'
D:\University Stuff\CMP 203\cmp203-coursework-iRemixUK\GraphicsProgramming\GraphicsProgramming\Camera.cpp(89,39): warning C4305: 'argument': truncation from 'double' to 'float'
D:\University Stuff\CMP 203\cmp203-coursework-iRemixUK\GraphicsProgramming\GraphicsProgramming\Camera.cpp(95,38): warning C4305: 'argument': truncation from 'double' to 'float'
D:\University Stuff\CMP 203\cmp203-coursework-iRemixUK\GraphicsProgramming\GraphicsProgramming\Camera.cpp(101,38): warning C4305: 'argument': truncation from 'double' to 'float'
D:\University Stuff\CMP 203\cmp203-coursework-iRemixUK\GraphicsProgramming\GraphicsProgramming\Camera.cpp(123,31): warning C4305: 'argument': truncation from 'double' to 'float'
D:\University Stuff\CMP 203\cmp203-coursework-iRemixUK\GraphicsProgramming\GraphicsProgramming\Camera.cpp(128,36): warning C4244: 'argument': conversion from 'float' to 'int', possible loss of data
D:\University Stuff\CMP 203\cmp203-coursework-iRemixUK\GraphicsProgramming\GraphicsProgramming\Camera.cpp(128,24): warning C4244: 'argument': conversion from 'float' to 'int', possible loss of data
D:\University Stuff\CMP 203\cmp203-coursework-iRemixUK\GraphicsProgramming\GraphicsProgramming\Camera.cpp(133,27): warning C4244: 'argument': conversion from 'double' to 'float', possible loss of data
D:\University Stuff\CMP 203\cmp203-coursework-iRemixUK\GraphicsProgramming\GraphicsProgramming\Camera.cpp(134,29): warning C4244: 'argument': conversion from 'double' to 'float', possible loss of data
D:\University Stuff\CMP 203\cmp203-coursework-iRemixUK\GraphicsProgramming\GraphicsProgramming\Camera.cpp(135,28): warning C4244: 'argument': conversion from 'double' to 'float', possible loss of data
D:\University Stuff\CMP 203\cmp203-coursework-iRemixUK\GraphicsProgramming\GraphicsProgramming\Camera.cpp(136,27): warning C4244: 'argument': conversion from 'double' to 'float', possible loss of data
D:\University Stuff\CMP 203\cmp203-coursework-iRemixUK\GraphicsProgramming\GraphicsProgramming\Camera.cpp(137,29): warning C4244: 'argument': conversion from 'double' to 'float', possible loss of data
D:\University Stuff\CMP 203\cmp203-coursework-iRemixUK\GraphicsProgramming\GraphicsProgramming\Camera.cpp(138,28): warning C4244: 'argument': conversion from 'double' to 'float', possible loss of data
D:\University Stuff\CMP 203\cmp203-coursework-iRemixUK\GraphicsProgramming\GraphicsProgramming\Camera.cpp(162,21): warning C4305: '=': truncation from 'double' to 'float'
D:\University Stuff\CMP 203\cmp203-coursework-iRemixUK\GraphicsProgramming\GraphicsProgramming\Camera.cpp(168,20): warning C4305: '=': truncation from 'double' to 'float'
D:\University Stuff\CMP 203\cmp203-coursework-iRemixUK\GraphicsProgramming\GraphicsProgramming\Camera.cpp(180,20): warning C4305: '=': truncation from 'double' to 'float'
D:\University Stuff\CMP 203\cmp203-coursework-iRemixUK\GraphicsProgramming\GraphicsProgramming\Camera.cpp(186,20): warning C4305: '=': truncation from 'double' to 'float'
D:\University Stuff\CMP 203\cmp203-coursework-iRemixUK\GraphicsProgramming\GraphicsProgramming\Camera.cpp(192,20): warning C4305: '=': truncation from 'double' to 'float'
  Main.cpp
  Generating Code...
  GraphicsProgramming.vcxproj -> D:\University Stuff\CMP 203\cmp203-coursework-iRemixUK\GraphicsProgramming\Debug\GraphicsProgramming.exe
